<?xml version="1.0" encoding="UTF-8"?>
<!-- Generated by org.testng.reporters.JUnitXMLReporter -->
<testsuite hostname="Diya" ignored="9" name="Sanity Test" tests="2" failures="0" timestamp="2022-12-12T02:02:24 GMT" time="32.379" errors="0">
  <testcase name="verifyProductArrangeInAlphabeticalOrder" time="1.833" classname="com.tutorialninja.testsuite.DesktopTest"/>
  <testcase name="verifyUserShouldNavigateToRegisterPageSuccessfully" time="20.794" classname="com.tutorialninja.testsuite.MyAccountTest"/>
  <testcase name="verifyProductsPriceDisplayHighToLowSuccessfully" time="0.0" classname="com.tutorialninja.testsuite.LaptopsAndNotebooksTest">
    <ignored/>
  </testcase> <!-- verifyProductsPriceDisplayHighToLowSuccessfully -->
  <testcase name="verifyUserShouldNavigateToLoginPageSuccessfully" time="0.0" classname="com.tutorialninja.testsuite.MyAccountTest">
    <ignored/>
  </testcase> <!-- verifyUserShouldNavigateToLoginPageSuccessfully -->
  <testcase name="verifyProductAddedToShoppingCartSuccessFully" time="0.0" classname="com.tutorialninja.testsuite.DesktopTest">
    <ignored/>
  </testcase> <!-- verifyProductAddedToShoppingCartSuccessFully -->
  <testcase name="verifyThatUserShouldLoginAndLogoutSuccessfully" time="0.0" classname="com.tutorialninja.testsuite.MyAccountTest">
    <ignored/>
  </testcase> <!-- verifyThatUserShouldLoginAndLogoutSuccessfully -->
  <testcase name="verifyThatUserRegisterAccountSuccessfully" time="0.0" classname="com.tutorialninja.testsuite.MyAccountTest">
    <ignored/>
  </testcase> <!-- verifyThatUserRegisterAccountSuccessfully -->
  <testcase name="verifyUserShouldNavigateToDesktopsPageSuccessfully" time="0.0" classname="com.tutorialninja.testsuite.HomePageTest">
    <ignored/>
  </testcase> <!-- verifyUserShouldNavigateToDesktopsPageSuccessfully -->
  <testcase name="verifyUserShouldNavigateToComponentsPageSuccessfully" time="0.0" classname="com.tutorialninja.testsuite.HomePageTest">
    <ignored/>
  </testcase> <!-- verifyUserShouldNavigateToComponentsPageSuccessfully -->
  <testcase name="verifyThatUserPlaceOrderSuccessfully" time="0.0" classname="com.tutorialninja.testsuite.LaptopsAndNotebooksTest">
    <ignored/>
  </testcase> <!-- verifyThatUserPlaceOrderSuccessfully -->
  <testcase name="verifyUserShouldNavigateToLaptopsAndNotebooksPageSuccessfully" time="0.0" classname="com.tutorialninja.testsuite.HomePageTest">
    <ignored/>
  </testcase> <!-- verifyUserShouldNavigateToLaptopsAndNotebooksPageSuccessfully -->
</testsuite> <!-- Sanity Test -->
