<?xml version="1.0" encoding="UTF-8"?>
<!-- Generated by org.testng.reporters.JUnitXMLReporter -->
<testsuite hostname="Diya" ignored="5" name="Regression Test" tests="6" failures="0" timestamp="2022-12-12T19:11:45 GMT" time="105.468" errors="0">
  <testcase name="verifyProductAddedToShoppingCartSuccessFully" time="12.762" classname="com.tutorialninja.testsuite.DesktopTest"/>
  <testcase name="verifyProductArrangeInAlphabeticalOrder" time="1.89" classname="com.tutorialninja.testsuite.DesktopTest"/>
  <testcase name="verifyThatUserRegisterAccountSuccessfully" time="21.924" classname="com.tutorialninja.testsuite.MyAccountTest"/>
  <testcase name="verifyThatUserShouldLoginAndLogoutSuccessfully" time="21.785" classname="com.tutorialninja.testsuite.MyAccountTest"/>
  <testcase name="verifyUserShouldNavigateToLoginPageSuccessfully" time="0.324" classname="com.tutorialninja.testsuite.MyAccountTest"/>
  <testcase name="verifyUserShouldNavigateToRegisterPageSuccessfully" time="20.827" classname="com.tutorialninja.testsuite.MyAccountTest"/>
  <testcase name="verifyProductsPriceDisplayHighToLowSuccessfully" time="0.0" classname="com.tutorialninja.testsuite.LaptopsAndNotebooksTest">
    <ignored/>
  </testcase> <!-- verifyProductsPriceDisplayHighToLowSuccessfully -->
  <testcase name="verifyUserShouldNavigateToDesktopsPageSuccessfully" time="0.0" classname="com.tutorialninja.testsuite.HomePageTest">
    <ignored/>
  </testcase> <!-- verifyUserShouldNavigateToDesktopsPageSuccessfully -->
  <testcase name="verifyUserShouldNavigateToComponentsPageSuccessfully" time="0.0" classname="com.tutorialninja.testsuite.HomePageTest">
    <ignored/>
  </testcase> <!-- verifyUserShouldNavigateToComponentsPageSuccessfully -->
  <testcase name="verifyThatUserPlaceOrderSuccessfully" time="0.0" classname="com.tutorialninja.testsuite.LaptopsAndNotebooksTest">
    <ignored/>
  </testcase> <!-- verifyThatUserPlaceOrderSuccessfully -->
  <testcase name="verifyUserShouldNavigateToLaptopsAndNotebooksPageSuccessfully" time="0.0" classname="com.tutorialninja.testsuite.HomePageTest">
    <ignored/>
  </testcase> <!-- verifyUserShouldNavigateToLaptopsAndNotebooksPageSuccessfully -->
</testsuite> <!-- Regression Test -->
