<?xml version="1.0" encoding="UTF-8"?>
<testng-results skipped="0" failed="0" ignored="5" total="11" passed="6">
  <reporter-output>
    <line>
      <![CDATA[clickOnCurrencyLink[[ChromeDriver: chrome on WINDOWS (668a67d40f8964390abd96a54bc43c2d)] -> xpath: //span[contains(text(),'Currency')]]]]>
    </line>
    <line>
      <![CDATA[clickOnDesktopLink[[ChromeDriver: chrome on WINDOWS (668a67d40f8964390abd96a54bc43c2d)] -> link text: Desktops]]]>
    </line>
    <line>
      <![CDATA[clickOnAllDesktop[[ChromeDriver: chrome on WINDOWS (668a67d40f8964390abd96a54bc43c2d)] -> xpath: //a[contains(text(),'Show All Desktops')]]]]>
    </line>
    <line>
      <![CDATA[SortByNameZtoAFromDropdown[[ChromeDriver: chrome on WINDOWS (668a67d40f8964390abd96a54bc43c2d)] -> id: input-sort]]]>
    </line>
    <line>
      <![CDATA[clickOnHPlp3065[[ChromeDriver: chrome on WINDOWS (668a67d40f8964390abd96a54bc43c2d)] -> xpath: //a[contains(text(),'HP LP3065')]]]]>
    </line>
    <line>
      <![CDATA[getVerifyTextHp[[ChromeDriver: chrome on WINDOWS (668a67d40f8964390abd96a54bc43c2d)] -> xpath: //h1[contains(text(),'HP LP3065')]]]]>
    </line>
    <line>
      <![CDATA[clickOnAdToCart[[ChromeDriver: chrome on WINDOWS (668a67d40f8964390abd96a54bc43c2d)] -> xpath: //button[@id='button-cart']]]]>
    </line>
    <line>
      <![CDATA[getVerifyShoppingCart[[ChromeDriver: chrome on WINDOWS (668a67d40f8964390abd96a54bc43c2d)] -> xpath: //div[@id='content']//h1]]]>
    </line>
    <line>
      <![CDATA[clickOnShoppingCart[[ChromeDriver: chrome on WINDOWS (668a67d40f8964390abd96a54bc43c2d)] -> xpath: //button[@id='button-cart']]]]>
    </line>
    <line>
      <![CDATA[getVerifyProductName[[ChromeDriver: chrome on WINDOWS (668a67d40f8964390abd96a54bc43c2d)] -> xpath: //h1[contains(text(),'HP LP3065')]]]]>
    </line>
    <line>
      <![CDATA[getVerifyModel[[ChromeDriver: chrome on WINDOWS (668a67d40f8964390abd96a54bc43c2d)] -> xpath: //li[contains(text(),'Product Code: Product 21')]]]]>
    </line>
    <line>
      <![CDATA[Click to see screenshot]]>
    </line>
    <line>
      <![CDATA[<a target = "_blank" href=C:\Users\viren\IdeaProjects\tutorialninja-wk-15-virenpatel/test-output/html/verifyProductAddedToShoppingCartSuccessFullyMon_Dec_12_19_10_17_GMT_2022.jpg>Screenshot</a>]]>
    </line>
    <line>
      <![CDATA[<br>]]>
    </line>
    <line>
      <![CDATA[Click to see screenshot]]>
    </line>
    <line>
      <![CDATA[<a target = "_blank" href=C:\Users\viren\IdeaProjects\tutorialninja-wk-15-virenpatel/test-output/html/verifyProductAddedToShoppingCartSuccessFullyMon_Dec_12_19_10_17_GMT_2022.jpg>Screenshot</a>]]>
    </line>
    <line>
      <![CDATA[<br>]]>
    </line>
    <line>
      <![CDATA[clickOnDesktopLink[[ChromeDriver: chrome on WINDOWS (68d1dde8b99ce194fb0ebbc10a946153)] -> link text: Desktops]]]>
    </line>
    <line>
      <![CDATA[clickOnAllDesktop[[ChromeDriver: chrome on WINDOWS (68d1dde8b99ce194fb0ebbc10a946153)] -> xpath: //a[contains(text(),'Show All Desktops')]]]]>
    </line>
    <line>
      <![CDATA[Click to see screenshot]]>
    </line>
    <line>
      <![CDATA[<a target = "_blank" href=C:\Users\viren\IdeaProjects\tutorialninja-wk-15-virenpatel/test-output/html/verifyProductArrangeInAlphabeticalOrderMon_Dec_12_19_10_24_GMT_2022.jpg>Screenshot</a>]]>
    </line>
    <line>
      <![CDATA[<br>]]>
    </line>
    <line>
      <![CDATA[Click to see screenshot]]>
    </line>
    <line>
      <![CDATA[<a target = "_blank" href=C:\Users\viren\IdeaProjects\tutorialninja-wk-15-virenpatel/test-output/html/verifyProductArrangeInAlphabeticalOrderMon_Dec_12_19_10_24_GMT_2022.jpg>Screenshot</a>]]>
    </line>
    <line>
      <![CDATA[<br>]]>
    </line>
    <line>
      <![CDATA[clickOnMyAccount[[ChromeDriver: chrome on WINDOWS (28f3df8aea3ae4088bf147d4892cdda3)] -> xpath: //span[contains(text(),'My Account')]]]]>
    </line>
    <line>
      <![CDATA[enterPassword[[ChromeDriver: chrome on WINDOWS (28f3df8aea3ae4088bf147d4892cdda3)] -> id: input-password]]]>
    </line>
    <line>
      <![CDATA[enterFirstNameManan[[ChromeDriver: chrome on WINDOWS (28f3df8aea3ae4088bf147d4892cdda3)] -> id: input-firstname]]]>
    </line>
    <line>
      <![CDATA[enterLastNameShahShah]]>
    </line>
    <line>
      <![CDATA[enterEmailAddtest12O3@gmail.com[[ChromeDriver: chrome on WINDOWS (28f3df8aea3ae4088bf147d4892cdda3)] -> id: input-email]]]>
    </line>
    <line>
      <![CDATA[enterPhone[[ChromeDriver: chrome on WINDOWS (28f3df8aea3ae4088bf147d4892cdda3)] -> id: input-telephone]]]>
    </line>
    <line>
      <![CDATA[enterPassword[[ChromeDriver: chrome on WINDOWS (28f3df8aea3ae4088bf147d4892cdda3)] -> id: input-password]]]>
    </line>
    <line>
      <![CDATA[enterConfirmPass[[ChromeDriver: chrome on WINDOWS (28f3df8aea3ae4088bf147d4892cdda3)] -> id: input-confirm]]]>
    </line>
    <line>
      <![CDATA[clickYesOnNewsLetter[[ChromeDriver: chrome on WINDOWS (28f3df8aea3ae4088bf147d4892cdda3)] -> xpath: //input[@name='newsletter']]]]>
    </line>
    <line>
      <![CDATA[clickOnPrivacy[[ChromeDriver: chrome on WINDOWS (28f3df8aea3ae4088bf147d4892cdda3)] -> xpath: //div[@class = 'buttons']//input[@name='agree']]]]>
    </line>
    <line>
      <![CDATA[clickFinalContinue[[ChromeDriver: chrome on WINDOWS (28f3df8aea3ae4088bf147d4892cdda3)] -> xpath: //div[@class = 'buttons']//input[@value='Continue']]]]>
    </line>
    <line>
      <![CDATA[getVerifyMessage[[ChromeDriver: chrome on WINDOWS (28f3df8aea3ae4088bf147d4892cdda3)] -> xpath: //div[@id ='content']//h1]]]>
    </line>
    <line>
      <![CDATA[clickOnMyAccountTab[[ChromeDriver: chrome on WINDOWS (28f3df8aea3ae4088bf147d4892cdda3)] -> xpath: //span[contains(text(),'My Account')]]]]>
    </line>
    <line>
      <![CDATA[Click to see screenshot]]>
    </line>
    <line>
      <![CDATA[<a target = "_blank" href=C:\Users\viren\IdeaProjects\tutorialninja-wk-15-virenpatel/test-output/html/verifyThatUserRegisterAccountSuccessfullyMon_Dec_12_19_10_50_GMT_2022.jpg>Screenshot</a>]]>
    </line>
    <line>
      <![CDATA[<br>]]>
    </line>
    <line>
      <![CDATA[Click to see screenshot]]>
    </line>
    <line>
      <![CDATA[<a target = "_blank" href=C:\Users\viren\IdeaProjects\tutorialninja-wk-15-virenpatel/test-output/html/verifyThatUserRegisterAccountSuccessfullyMon_Dec_12_19_10_50_GMT_2022.jpg>Screenshot</a>]]>
    </line>
    <line>
      <![CDATA[<br>]]>
    </line>
    <line>
      <![CDATA[clickOnMyAccountTab[[ChromeDriver: chrome on WINDOWS (3df30526d1f77de48ce8a2d6bb109651)] -> xpath: //span[contains(text(),'My Account')]]]]>
    </line>
    <line>
      <![CDATA[enterEmailAddtest123499@gmail.com[[ChromeDriver: chrome on WINDOWS (3df30526d1f77de48ce8a2d6bb109651)] -> id: input-email]]]>
    </line>
    <line>
      <![CDATA[enterPassword[[ChromeDriver: chrome on WINDOWS (3df30526d1f77de48ce8a2d6bb109651)] -> id: input-password]]]>
    </line>
    <line>
      <![CDATA[clickOnContinueTab[[ChromeDriver: chrome on WINDOWS (3df30526d1f77de48ce8a2d6bb109651)] -> xpath: //a[contains(text(),'Continue')]]]]>
    </line>
    <line>
      <![CDATA[Click to see screenshot]]>
    </line>
    <line>
      <![CDATA[<a target = "_blank" href=C:\Users\viren\IdeaProjects\tutorialninja-wk-15-virenpatel/test-output/html/verifyThatUserShouldLoginAndLogoutSuccessfullyMon_Dec_12_19_11_16_GMT_2022.jpg>Screenshot</a>]]>
    </line>
    <line>
      <![CDATA[<br>]]>
    </line>
    <line>
      <![CDATA[Click to see screenshot]]>
    </line>
    <line>
      <![CDATA[<a target = "_blank" href=C:\Users\viren\IdeaProjects\tutorialninja-wk-15-virenpatel/test-output/html/verifyThatUserShouldLoginAndLogoutSuccessfullyMon_Dec_12_19_11_16_GMT_2022.jpg>Screenshot</a>]]>
    </line>
    <line>
      <![CDATA[<br>]]>
    </line>
    <line>
      <![CDATA[clickOnMyAccount[[ChromeDriver: chrome on WINDOWS (3985aaf538c9410015db340eccdd935c)] -> xpath: //span[contains(text(),'My Account')]]]]>
    </line>
    <line>
      <![CDATA[getVerifyReturning[[ChromeDriver: chrome on WINDOWS (3985aaf538c9410015db340eccdd935c)] -> xpath: //h2[contains(text(),'Returning Customer')]]]]>
    </line>
    <line>
      <![CDATA[Click to see screenshot]]>
    </line>
    <line>
      <![CDATA[<a target = "_blank" href=C:\Users\viren\IdeaProjects\tutorialninja-wk-15-virenpatel/test-output/html/verifyUserShouldNavigateToLoginPageSuccessfullyMon_Dec_12_19_11_20_GMT_2022.jpg>Screenshot</a>]]>
    </line>
    <line>
      <![CDATA[<br>]]>
    </line>
    <line>
      <![CDATA[Click to see screenshot]]>
    </line>
    <line>
      <![CDATA[<a target = "_blank" href=C:\Users\viren\IdeaProjects\tutorialninja-wk-15-virenpatel/test-output/html/verifyUserShouldNavigateToLoginPageSuccessfullyMon_Dec_12_19_11_20_GMT_2022.jpg>Screenshot</a>]]>
    </line>
    <line>
      <![CDATA[<br>]]>
    </line>
    <line>
      <![CDATA[clickOnMyAccount[[ChromeDriver: chrome on WINDOWS (375448fe4eef4f1aa83e70a1dc3359a5)] -> xpath: //span[contains(text(),'My Account')]]]]>
    </line>
    <line>
      <![CDATA[getVerifyRegister[[ChromeDriver: chrome on WINDOWS (375448fe4eef4f1aa83e70a1dc3359a5)] -> xpath: //h1[contains(text(),'Register Account')]]]]>
    </line>
    <line>
      <![CDATA[Click to see screenshot]]>
    </line>
    <line>
      <![CDATA[<a target = "_blank" href=C:\Users\viren\IdeaProjects\tutorialninja-wk-15-virenpatel/test-output/html/verifyUserShouldNavigateToRegisterPageSuccessfullyMon_Dec_12_19_11_44_GMT_2022.jpg>Screenshot</a>]]>
    </line>
    <line>
      <![CDATA[<br>]]>
    </line>
    <line>
      <![CDATA[Click to see screenshot]]>
    </line>
    <line>
      <![CDATA[<a target = "_blank" href=C:\Users\viren\IdeaProjects\tutorialninja-wk-15-virenpatel/test-output/html/verifyUserShouldNavigateToRegisterPageSuccessfullyMon_Dec_12_19_11_44_GMT_2022.jpg>Screenshot</a>]]>
    </line>
    <line>
      <![CDATA[<br>]]>
    </line>
  </reporter-output>
  <suite name="Regression Suite" duration-ms="105468" started-at="2022-12-12T19:10:00 GMT" finished-at="2022-12-12T19:11:45 GMT">
    <groups>
      <group name="regression">
        <method signature="DesktopTest.verifyProductAddedToShoppingCartSuccessFully()[pri:0, instance:com.tutorialninja.testsuite.DesktopTest@4d1b0d2a]" name="verifyProductAddedToShoppingCartSuccessFully" class="com.tutorialninja.testsuite.DesktopTest"/>
        <method signature="DesktopTest.verifyProductArrangeInAlphabeticalOrder()[pri:0, instance:com.tutorialninja.testsuite.DesktopTest@4d1b0d2a]" name="verifyProductArrangeInAlphabeticalOrder" class="com.tutorialninja.testsuite.DesktopTest"/>
        <method signature="MyAccountTest.verifyThatUserRegisterAccountSuccessfully()[pri:0, instance:com.tutorialninja.testsuite.MyAccountTest@44a3ec6b]" name="verifyThatUserRegisterAccountSuccessfully" class="com.tutorialninja.testsuite.MyAccountTest"/>
        <method signature="MyAccountTest.verifyThatUserShouldLoginAndLogoutSuccessfully()[pri:0, instance:com.tutorialninja.testsuite.MyAccountTest@44a3ec6b]" name="verifyThatUserShouldLoginAndLogoutSuccessfully" class="com.tutorialninja.testsuite.MyAccountTest"/>
        <method signature="MyAccountTest.verifyUserShouldNavigateToLoginPageSuccessfully()[pri:0, instance:com.tutorialninja.testsuite.MyAccountTest@44a3ec6b]" name="verifyUserShouldNavigateToLoginPageSuccessfully" class="com.tutorialninja.testsuite.MyAccountTest"/>
        <method signature="MyAccountTest.verifyUserShouldNavigateToRegisterPageSuccessfully()[pri:0, instance:com.tutorialninja.testsuite.MyAccountTest@44a3ec6b]" name="verifyUserShouldNavigateToRegisterPageSuccessfully" class="com.tutorialninja.testsuite.MyAccountTest"/>
      </group> <!-- regression -->
      <group name="smoke">
        <method signature="DesktopTest.verifyProductAddedToShoppingCartSuccessFully()[pri:0, instance:com.tutorialninja.testsuite.DesktopTest@4d1b0d2a]" name="verifyProductAddedToShoppingCartSuccessFully" class="com.tutorialninja.testsuite.DesktopTest"/>
        <method signature="MyAccountTest.verifyUserShouldNavigateToLoginPageSuccessfully()[pri:0, instance:com.tutorialninja.testsuite.MyAccountTest@44a3ec6b]" name="verifyUserShouldNavigateToLoginPageSuccessfully" class="com.tutorialninja.testsuite.MyAccountTest"/>
      </group> <!-- smoke -->
      <group name="sanity">
        <method signature="DesktopTest.verifyProductArrangeInAlphabeticalOrder()[pri:0, instance:com.tutorialninja.testsuite.DesktopTest@4d1b0d2a]" name="verifyProductArrangeInAlphabeticalOrder" class="com.tutorialninja.testsuite.DesktopTest"/>
        <method signature="MyAccountTest.verifyUserShouldNavigateToRegisterPageSuccessfully()[pri:0, instance:com.tutorialninja.testsuite.MyAccountTest@44a3ec6b]" name="verifyUserShouldNavigateToRegisterPageSuccessfully" class="com.tutorialninja.testsuite.MyAccountTest"/>
      </group> <!-- sanity -->
    </groups>
    <test name="Regression Test" duration-ms="105468" started-at="2022-12-12T19:10:00 GMT" finished-at="2022-12-12T19:11:45 GMT">
      <class name="com.tutorialninja.testsuite.DesktopTest">
        <test-method status="PASS" signature="setUp()[pri:0, instance:com.tutorialninja.testsuite.DesktopTest@4d1b0d2a]" name="setUp" is-config="true" duration-ms="4032" started-at="2022-12-12T19:10:00 GMT" finished-at="2022-12-12T19:10:04 GMT">
          <reporter-output>
          </reporter-output>
        </test-method> <!-- setUp -->
        <test-method status="PASS" signature="inIt()[pri:0, instance:com.tutorialninja.testsuite.DesktopTest@4d1b0d2a]" name="inIt" is-config="true" duration-ms="18" started-at="2022-12-12T19:10:04 GMT" finished-at="2022-12-12T19:10:04 GMT">
          <reporter-output>
          </reporter-output>
        </test-method> <!-- inIt -->
        <test-method status="PASS" signature="verifyProductAddedToShoppingCartSuccessFully()[pri:0, instance:com.tutorialninja.testsuite.DesktopTest@4d1b0d2a]" name="verifyProductAddedToShoppingCartSuccessFully" duration-ms="12762" started-at="2022-12-12T19:10:04 GMT" finished-at="2022-12-12T19:10:17 GMT">
          <reporter-output>
            <line>
              <![CDATA[clickOnCurrencyLink[[ChromeDriver: chrome on WINDOWS (668a67d40f8964390abd96a54bc43c2d)] -> xpath: //span[contains(text(),'Currency')]]]]>
            </line>
            <line>
              <![CDATA[clickOnDesktopLink[[ChromeDriver: chrome on WINDOWS (668a67d40f8964390abd96a54bc43c2d)] -> link text: Desktops]]]>
            </line>
            <line>
              <![CDATA[clickOnAllDesktop[[ChromeDriver: chrome on WINDOWS (668a67d40f8964390abd96a54bc43c2d)] -> xpath: //a[contains(text(),'Show All Desktops')]]]]>
            </line>
            <line>
              <![CDATA[SortByNameZtoAFromDropdown[[ChromeDriver: chrome on WINDOWS (668a67d40f8964390abd96a54bc43c2d)] -> id: input-sort]]]>
            </line>
            <line>
              <![CDATA[clickOnHPlp3065[[ChromeDriver: chrome on WINDOWS (668a67d40f8964390abd96a54bc43c2d)] -> xpath: //a[contains(text(),'HP LP3065')]]]]>
            </line>
            <line>
              <![CDATA[getVerifyTextHp[[ChromeDriver: chrome on WINDOWS (668a67d40f8964390abd96a54bc43c2d)] -> xpath: //h1[contains(text(),'HP LP3065')]]]]>
            </line>
            <line>
              <![CDATA[clickOnAdToCart[[ChromeDriver: chrome on WINDOWS (668a67d40f8964390abd96a54bc43c2d)] -> xpath: //button[@id='button-cart']]]]>
            </line>
            <line>
              <![CDATA[getVerifyShoppingCart[[ChromeDriver: chrome on WINDOWS (668a67d40f8964390abd96a54bc43c2d)] -> xpath: //div[@id='content']//h1]]]>
            </line>
            <line>
              <![CDATA[clickOnShoppingCart[[ChromeDriver: chrome on WINDOWS (668a67d40f8964390abd96a54bc43c2d)] -> xpath: //button[@id='button-cart']]]]>
            </line>
            <line>
              <![CDATA[getVerifyProductName[[ChromeDriver: chrome on WINDOWS (668a67d40f8964390abd96a54bc43c2d)] -> xpath: //h1[contains(text(),'HP LP3065')]]]]>
            </line>
            <line>
              <![CDATA[getVerifyModel[[ChromeDriver: chrome on WINDOWS (668a67d40f8964390abd96a54bc43c2d)] -> xpath: //li[contains(text(),'Product Code: Product 21')]]]]>
            </line>
            <line>
              <![CDATA[Click to see screenshot]]>
            </line>
            <line>
              <![CDATA[<a target = "_blank" href=C:\Users\viren\IdeaProjects\tutorialninja-wk-15-virenpatel/test-output/html/verifyProductAddedToShoppingCartSuccessFullyMon_Dec_12_19_10_17_GMT_2022.jpg>Screenshot</a>]]>
            </line>
            <line>
              <![CDATA[<br>]]>
            </line>
            <line>
              <![CDATA[Click to see screenshot]]>
            </line>
            <line>
              <![CDATA[<a target = "_blank" href=C:\Users\viren\IdeaProjects\tutorialninja-wk-15-virenpatel/test-output/html/verifyProductAddedToShoppingCartSuccessFullyMon_Dec_12_19_10_17_GMT_2022.jpg>Screenshot</a>]]>
            </line>
            <line>
              <![CDATA[<br>]]>
            </line>
          </reporter-output>
        </test-method> <!-- verifyProductAddedToShoppingCartSuccessFully -->
        <test-method status="PASS" signature="tearDown()[pri:0, instance:com.tutorialninja.testsuite.DesktopTest@4d1b0d2a]" name="tearDown" is-config="true" duration-ms="782" started-at="2022-12-12T19:10:17 GMT" finished-at="2022-12-12T19:10:18 GMT">
          <reporter-output>
          </reporter-output>
        </test-method> <!-- tearDown -->
        <test-method status="PASS" signature="setUp()[pri:0, instance:com.tutorialninja.testsuite.DesktopTest@4d1b0d2a]" name="setUp" is-config="true" duration-ms="3619" started-at="2022-12-12T19:10:18 GMT" finished-at="2022-12-12T19:10:22 GMT">
          <reporter-output>
          </reporter-output>
        </test-method> <!-- setUp -->
        <test-method status="PASS" signature="inIt()[pri:0, instance:com.tutorialninja.testsuite.DesktopTest@4d1b0d2a]" name="inIt" is-config="true" duration-ms="5" started-at="2022-12-12T19:10:22 GMT" finished-at="2022-12-12T19:10:22 GMT">
          <reporter-output>
          </reporter-output>
        </test-method> <!-- inIt -->
        <test-method status="PASS" signature="verifyProductArrangeInAlphabeticalOrder()[pri:0, instance:com.tutorialninja.testsuite.DesktopTest@4d1b0d2a]" name="verifyProductArrangeInAlphabeticalOrder" duration-ms="1890" started-at="2022-12-12T19:10:22 GMT" finished-at="2022-12-12T19:10:23 GMT">
          <reporter-output>
            <line>
              <![CDATA[clickOnDesktopLink[[ChromeDriver: chrome on WINDOWS (68d1dde8b99ce194fb0ebbc10a946153)] -> link text: Desktops]]]>
            </line>
            <line>
              <![CDATA[clickOnAllDesktop[[ChromeDriver: chrome on WINDOWS (68d1dde8b99ce194fb0ebbc10a946153)] -> xpath: //a[contains(text(),'Show All Desktops')]]]]>
            </line>
            <line>
              <![CDATA[Click to see screenshot]]>
            </line>
            <line>
              <![CDATA[<a target = "_blank" href=C:\Users\viren\IdeaProjects\tutorialninja-wk-15-virenpatel/test-output/html/verifyProductArrangeInAlphabeticalOrderMon_Dec_12_19_10_24_GMT_2022.jpg>Screenshot</a>]]>
            </line>
            <line>
              <![CDATA[<br>]]>
            </line>
            <line>
              <![CDATA[Click to see screenshot]]>
            </line>
            <line>
              <![CDATA[<a target = "_blank" href=C:\Users\viren\IdeaProjects\tutorialninja-wk-15-virenpatel/test-output/html/verifyProductArrangeInAlphabeticalOrderMon_Dec_12_19_10_24_GMT_2022.jpg>Screenshot</a>]]>
            </line>
            <line>
              <![CDATA[<br>]]>
            </line>
          </reporter-output>
        </test-method> <!-- verifyProductArrangeInAlphabeticalOrder -->
        <test-method status="PASS" signature="tearDown()[pri:0, instance:com.tutorialninja.testsuite.DesktopTest@4d1b0d2a]" name="tearDown" is-config="true" duration-ms="757" started-at="2022-12-12T19:10:24 GMT" finished-at="2022-12-12T19:10:25 GMT">
          <reporter-output>
          </reporter-output>
        </test-method> <!-- tearDown -->
      </class> <!-- com.tutorialninja.testsuite.DesktopTest -->
      <class name="com.tutorialninja.testsuite.MyAccountTest">
        <test-method status="PASS" signature="setUp()[pri:0, instance:com.tutorialninja.testsuite.MyAccountTest@44a3ec6b]" name="setUp" is-config="true" duration-ms="2876" started-at="2022-12-12T19:10:25 GMT" finished-at="2022-12-12T19:10:28 GMT">
          <reporter-output>
          </reporter-output>
        </test-method> <!-- setUp -->
        <test-method status="PASS" signature="inIt()[pri:0, instance:com.tutorialninja.testsuite.MyAccountTest@44a3ec6b]" name="inIt" is-config="true" duration-ms="3" started-at="2022-12-12T19:10:28 GMT" finished-at="2022-12-12T19:10:28 GMT">
          <reporter-output>
          </reporter-output>
        </test-method> <!-- inIt -->
        <test-method status="PASS" signature="verifyThatUserRegisterAccountSuccessfully()[pri:0, instance:com.tutorialninja.testsuite.MyAccountTest@44a3ec6b]" name="verifyThatUserRegisterAccountSuccessfully" duration-ms="21924" started-at="2022-12-12T19:10:28 GMT" finished-at="2022-12-12T19:10:50 GMT">
          <reporter-output>
            <line>
              <![CDATA[clickOnMyAccount[[ChromeDriver: chrome on WINDOWS (28f3df8aea3ae4088bf147d4892cdda3)] -> xpath: //span[contains(text(),'My Account')]]]]>
            </line>
            <line>
              <![CDATA[enterPassword[[ChromeDriver: chrome on WINDOWS (28f3df8aea3ae4088bf147d4892cdda3)] -> id: input-password]]]>
            </line>
            <line>
              <![CDATA[enterFirstNameManan[[ChromeDriver: chrome on WINDOWS (28f3df8aea3ae4088bf147d4892cdda3)] -> id: input-firstname]]]>
            </line>
            <line>
              <![CDATA[enterLastNameShahShah]]>
            </line>
            <line>
              <![CDATA[enterEmailAddtest12O3@gmail.com[[ChromeDriver: chrome on WINDOWS (28f3df8aea3ae4088bf147d4892cdda3)] -> id: input-email]]]>
            </line>
            <line>
              <![CDATA[enterPhone[[ChromeDriver: chrome on WINDOWS (28f3df8aea3ae4088bf147d4892cdda3)] -> id: input-telephone]]]>
            </line>
            <line>
              <![CDATA[enterPassword[[ChromeDriver: chrome on WINDOWS (28f3df8aea3ae4088bf147d4892cdda3)] -> id: input-password]]]>
            </line>
            <line>
              <![CDATA[enterConfirmPass[[ChromeDriver: chrome on WINDOWS (28f3df8aea3ae4088bf147d4892cdda3)] -> id: input-confirm]]]>
            </line>
            <line>
              <![CDATA[clickYesOnNewsLetter[[ChromeDriver: chrome on WINDOWS (28f3df8aea3ae4088bf147d4892cdda3)] -> xpath: //input[@name='newsletter']]]]>
            </line>
            <line>
              <![CDATA[clickOnPrivacy[[ChromeDriver: chrome on WINDOWS (28f3df8aea3ae4088bf147d4892cdda3)] -> xpath: //div[@class = 'buttons']//input[@name='agree']]]]>
            </line>
            <line>
              <![CDATA[clickFinalContinue[[ChromeDriver: chrome on WINDOWS (28f3df8aea3ae4088bf147d4892cdda3)] -> xpath: //div[@class = 'buttons']//input[@value='Continue']]]]>
            </line>
            <line>
              <![CDATA[getVerifyMessage[[ChromeDriver: chrome on WINDOWS (28f3df8aea3ae4088bf147d4892cdda3)] -> xpath: //div[@id ='content']//h1]]]>
            </line>
            <line>
              <![CDATA[clickOnMyAccountTab[[ChromeDriver: chrome on WINDOWS (28f3df8aea3ae4088bf147d4892cdda3)] -> xpath: //span[contains(text(),'My Account')]]]]>
            </line>
            <line>
              <![CDATA[Click to see screenshot]]>
            </line>
            <line>
              <![CDATA[<a target = "_blank" href=C:\Users\viren\IdeaProjects\tutorialninja-wk-15-virenpatel/test-output/html/verifyThatUserRegisterAccountSuccessfullyMon_Dec_12_19_10_50_GMT_2022.jpg>Screenshot</a>]]>
            </line>
            <line>
              <![CDATA[<br>]]>
            </line>
            <line>
              <![CDATA[Click to see screenshot]]>
            </line>
            <line>
              <![CDATA[<a target = "_blank" href=C:\Users\viren\IdeaProjects\tutorialninja-wk-15-virenpatel/test-output/html/verifyThatUserRegisterAccountSuccessfullyMon_Dec_12_19_10_50_GMT_2022.jpg>Screenshot</a>]]>
            </line>
            <line>
              <![CDATA[<br>]]>
            </line>
          </reporter-output>
        </test-method> <!-- verifyThatUserRegisterAccountSuccessfully -->
        <test-method status="PASS" signature="tearDown()[pri:0, instance:com.tutorialninja.testsuite.MyAccountTest@44a3ec6b]" name="tearDown" is-config="true" duration-ms="733" started-at="2022-12-12T19:10:50 GMT" finished-at="2022-12-12T19:10:51 GMT">
          <reporter-output>
          </reporter-output>
        </test-method> <!-- tearDown -->
        <test-method status="PASS" signature="setUp()[pri:0, instance:com.tutorialninja.testsuite.MyAccountTest@44a3ec6b]" name="setUp" is-config="true" duration-ms="3370" started-at="2022-12-12T19:10:51 GMT" finished-at="2022-12-12T19:10:54 GMT">
          <reporter-output>
          </reporter-output>
        </test-method> <!-- setUp -->
        <test-method status="PASS" signature="inIt()[pri:0, instance:com.tutorialninja.testsuite.MyAccountTest@44a3ec6b]" name="inIt" is-config="true" duration-ms="2" started-at="2022-12-12T19:10:54 GMT" finished-at="2022-12-12T19:10:54 GMT">
          <reporter-output>
          </reporter-output>
        </test-method> <!-- inIt -->
        <test-method status="PASS" signature="verifyThatUserShouldLoginAndLogoutSuccessfully()[pri:0, instance:com.tutorialninja.testsuite.MyAccountTest@44a3ec6b]" name="verifyThatUserShouldLoginAndLogoutSuccessfully" duration-ms="21785" started-at="2022-12-12T19:10:54 GMT" finished-at="2022-12-12T19:11:16 GMT">
          <reporter-output>
            <line>
              <![CDATA[clickOnMyAccountTab[[ChromeDriver: chrome on WINDOWS (3df30526d1f77de48ce8a2d6bb109651)] -> xpath: //span[contains(text(),'My Account')]]]]>
            </line>
            <line>
              <![CDATA[enterEmailAddtest123499@gmail.com[[ChromeDriver: chrome on WINDOWS (3df30526d1f77de48ce8a2d6bb109651)] -> id: input-email]]]>
            </line>
            <line>
              <![CDATA[enterPassword[[ChromeDriver: chrome on WINDOWS (3df30526d1f77de48ce8a2d6bb109651)] -> id: input-password]]]>
            </line>
            <line>
              <![CDATA[clickOnContinueTab[[ChromeDriver: chrome on WINDOWS (3df30526d1f77de48ce8a2d6bb109651)] -> xpath: //a[contains(text(),'Continue')]]]]>
            </line>
            <line>
              <![CDATA[Click to see screenshot]]>
            </line>
            <line>
              <![CDATA[<a target = "_blank" href=C:\Users\viren\IdeaProjects\tutorialninja-wk-15-virenpatel/test-output/html/verifyThatUserShouldLoginAndLogoutSuccessfullyMon_Dec_12_19_11_16_GMT_2022.jpg>Screenshot</a>]]>
            </line>
            <line>
              <![CDATA[<br>]]>
            </line>
            <line>
              <![CDATA[Click to see screenshot]]>
            </line>
            <line>
              <![CDATA[<a target = "_blank" href=C:\Users\viren\IdeaProjects\tutorialninja-wk-15-virenpatel/test-output/html/verifyThatUserShouldLoginAndLogoutSuccessfullyMon_Dec_12_19_11_16_GMT_2022.jpg>Screenshot</a>]]>
            </line>
            <line>
              <![CDATA[<br>]]>
            </line>
          </reporter-output>
        </test-method> <!-- verifyThatUserShouldLoginAndLogoutSuccessfully -->
        <test-method status="PASS" signature="tearDown()[pri:0, instance:com.tutorialninja.testsuite.MyAccountTest@44a3ec6b]" name="tearDown" is-config="true" duration-ms="626" started-at="2022-12-12T19:11:16 GMT" finished-at="2022-12-12T19:11:17 GMT">
          <reporter-output>
          </reporter-output>
        </test-method> <!-- tearDown -->
        <test-method status="PASS" signature="setUp()[pri:0, instance:com.tutorialninja.testsuite.MyAccountTest@44a3ec6b]" name="setUp" is-config="true" duration-ms="2700" started-at="2022-12-12T19:11:17 GMT" finished-at="2022-12-12T19:11:19 GMT">
          <reporter-output>
          </reporter-output>
        </test-method> <!-- setUp -->
        <test-method status="PASS" signature="inIt()[pri:0, instance:com.tutorialninja.testsuite.MyAccountTest@44a3ec6b]" name="inIt" is-config="true" duration-ms="1" started-at="2022-12-12T19:11:19 GMT" finished-at="2022-12-12T19:11:19 GMT">
          <reporter-output>
          </reporter-output>
        </test-method> <!-- inIt -->
        <test-method status="PASS" signature="verifyUserShouldNavigateToLoginPageSuccessfully()[pri:0, instance:com.tutorialninja.testsuite.MyAccountTest@44a3ec6b]" name="verifyUserShouldNavigateToLoginPageSuccessfully" duration-ms="324" started-at="2022-12-12T19:11:19 GMT" finished-at="2022-12-12T19:11:20 GMT">
          <reporter-output>
            <line>
              <![CDATA[clickOnMyAccount[[ChromeDriver: chrome on WINDOWS (3985aaf538c9410015db340eccdd935c)] -> xpath: //span[contains(text(),'My Account')]]]]>
            </line>
            <line>
              <![CDATA[getVerifyReturning[[ChromeDriver: chrome on WINDOWS (3985aaf538c9410015db340eccdd935c)] -> xpath: //h2[contains(text(),'Returning Customer')]]]]>
            </line>
            <line>
              <![CDATA[Click to see screenshot]]>
            </line>
            <line>
              <![CDATA[<a target = "_blank" href=C:\Users\viren\IdeaProjects\tutorialninja-wk-15-virenpatel/test-output/html/verifyUserShouldNavigateToLoginPageSuccessfullyMon_Dec_12_19_11_20_GMT_2022.jpg>Screenshot</a>]]>
            </line>
            <line>
              <![CDATA[<br>]]>
            </line>
            <line>
              <![CDATA[Click to see screenshot]]>
            </line>
            <line>
              <![CDATA[<a target = "_blank" href=C:\Users\viren\IdeaProjects\tutorialninja-wk-15-virenpatel/test-output/html/verifyUserShouldNavigateToLoginPageSuccessfullyMon_Dec_12_19_11_20_GMT_2022.jpg>Screenshot</a>]]>
            </line>
            <line>
              <![CDATA[<br>]]>
            </line>
          </reporter-output>
        </test-method> <!-- verifyUserShouldNavigateToLoginPageSuccessfully -->
        <test-method status="PASS" signature="tearDown()[pri:0, instance:com.tutorialninja.testsuite.MyAccountTest@44a3ec6b]" name="tearDown" is-config="true" duration-ms="602" started-at="2022-12-12T19:11:20 GMT" finished-at="2022-12-12T19:11:21 GMT">
          <reporter-output>
          </reporter-output>
        </test-method> <!-- tearDown -->
        <test-method status="PASS" signature="setUp()[pri:0, instance:com.tutorialninja.testsuite.MyAccountTest@44a3ec6b]" name="setUp" is-config="true" duration-ms="2638" started-at="2022-12-12T19:11:21 GMT" finished-at="2022-12-12T19:11:23 GMT">
          <reporter-output>
          </reporter-output>
        </test-method> <!-- setUp -->
        <test-method status="PASS" signature="inIt()[pri:0, instance:com.tutorialninja.testsuite.MyAccountTest@44a3ec6b]" name="inIt" is-config="true" duration-ms="1" started-at="2022-12-12T19:11:23 GMT" finished-at="2022-12-12T19:11:23 GMT">
          <reporter-output>
          </reporter-output>
        </test-method> <!-- inIt -->
        <test-method status="PASS" signature="verifyUserShouldNavigateToRegisterPageSuccessfully()[pri:0, instance:com.tutorialninja.testsuite.MyAccountTest@44a3ec6b]" name="verifyUserShouldNavigateToRegisterPageSuccessfully" duration-ms="20827" started-at="2022-12-12T19:11:23 GMT" finished-at="2022-12-12T19:11:44 GMT">
          <reporter-output>
            <line>
              <![CDATA[clickOnMyAccount[[ChromeDriver: chrome on WINDOWS (375448fe4eef4f1aa83e70a1dc3359a5)] -> xpath: //span[contains(text(),'My Account')]]]]>
            </line>
            <line>
              <![CDATA[getVerifyRegister[[ChromeDriver: chrome on WINDOWS (375448fe4eef4f1aa83e70a1dc3359a5)] -> xpath: //h1[contains(text(),'Register Account')]]]]>
            </line>
            <line>
              <![CDATA[Click to see screenshot]]>
            </line>
            <line>
              <![CDATA[<a target = "_blank" href=C:\Users\viren\IdeaProjects\tutorialninja-wk-15-virenpatel/test-output/html/verifyUserShouldNavigateToRegisterPageSuccessfullyMon_Dec_12_19_11_44_GMT_2022.jpg>Screenshot</a>]]>
            </line>
            <line>
              <![CDATA[<br>]]>
            </line>
            <line>
              <![CDATA[Click to see screenshot]]>
            </line>
            <line>
              <![CDATA[<a target = "_blank" href=C:\Users\viren\IdeaProjects\tutorialninja-wk-15-virenpatel/test-output/html/verifyUserShouldNavigateToRegisterPageSuccessfullyMon_Dec_12_19_11_44_GMT_2022.jpg>Screenshot</a>]]>
            </line>
            <line>
              <![CDATA[<br>]]>
            </line>
          </reporter-output>
        </test-method> <!-- verifyUserShouldNavigateToRegisterPageSuccessfully -->
        <test-method status="PASS" signature="tearDown()[pri:0, instance:com.tutorialninja.testsuite.MyAccountTest@44a3ec6b]" name="tearDown" is-config="true" duration-ms="787" started-at="2022-12-12T19:11:44 GMT" finished-at="2022-12-12T19:11:45 GMT">
          <reporter-output>
          </reporter-output>
        </test-method> <!-- tearDown -->
      </class> <!-- com.tutorialninja.testsuite.MyAccountTest -->
    </test> <!-- Regression Test -->
  </suite> <!-- Regression Suite -->
</testng-results>
