<?xml version="1.0" encoding="UTF-8"?>
<!-- Generated by org.testng.reporters.JUnitXMLReporter -->
<testsuite hostname="Diya" ignored="0" name="Desktop Test" tests="2" failures="0" timestamp="2022-12-11T16:14:38 GMT" time="24.182" errors="0">
  <testcase name="verifyProductAddedToShoppingCartSuccessFully" time="12.991" classname="com.tutorialninja.testsuite.DesktopTest"/>
  <testcase name="verifyProductArrangeInAlphabeticalOrder" time="2.082" classname="com.tutorialninja.testsuite.DesktopTest"/>
</testsuite> <!-- Desktop Test -->
