<?xml version="1.0" encoding="UTF-8"?>
<!-- Generated by org.testng.reporters.JUnitXMLReporter -->
<testsuite hostname="Diya" ignored="0" name="HomePage Test" tests="3" failures="0" timestamp="2022-12-11T16:14:14 GMT" time="15.397" errors="0">
  <testcase name="verifyUserShouldNavigateToComponentsPageSuccessfully" time="0.716" classname="com.tutorialninja.testsuite.HomePageTest"/>
  <testcase name="verifyUserShouldNavigateToDesktopsPageSuccessfully" time="0.835" classname="com.tutorialninja.testsuite.HomePageTest"/>
  <testcase name="verifyUserShouldNavigateToLaptopsAndNotebooksPageSuccessfully" time="0.642" classname="com.tutorialninja.testsuite.HomePageTest"/>
</testsuite> <!-- HomePage Test -->
