<?xml version="1.0" encoding="UTF-8"?>
<!-- Generated by org.testng.reporters.JUnitXMLReporter -->
<testsuite hostname="Diya" ignored="0" name="Login Test" tests="4" failures="0" timestamp="2022-12-11T15:57:27 GMT" time="82.079" errors="0">
  <testcase name="verifyThatUserRegisterAccountSuccessfully" time="21.994" classname="com.tutorialninja.testsuite.MyAccountTest"/>
  <testcase name="verifyThatUserShouldLoginAndLogoutSuccessfully" time="21.705" classname="com.tutorialninja.testsuite.MyAccountTest"/>
  <testcase name="verifyUserShouldNavigateToLoginPageSuccessfully" time="0.349" classname="com.tutorialninja.testsuite.MyAccountTest"/>
  <testcase name="verifyUserShouldNavigateToRegisterPageSuccessfully" time="21.034" classname="com.tutorialninja.testsuite.MyAccountTest"/>
</testsuite> <!-- Login Test -->
