<?xml version="1.0" encoding="UTF-8"?>
<!-- Generated by org.testng.reporters.JUnitXMLReporter -->
<testsuite hostname="Diya" ignored="0" name="MyAccount Test" tests="4" failures="0" timestamp="2022-12-11T16:13:17 GMT" time="82.207" errors="0">
  <testcase name="verifyThatUserRegisterAccountSuccessfully" time="21.983" classname="com.tutorialninja.testsuite.MyAccountTest"/>
  <testcase name="verifyThatUserShouldLoginAndLogoutSuccessfully" time="21.675" classname="com.tutorialninja.testsuite.MyAccountTest"/>
  <testcase name="verifyUserShouldNavigateToLoginPageSuccessfully" time="0.377" classname="com.tutorialninja.testsuite.MyAccountTest"/>
  <testcase name="verifyUserShouldNavigateToRegisterPageSuccessfully" time="20.957" classname="com.tutorialninja.testsuite.MyAccountTest"/>
</testsuite> <!-- MyAccount Test -->
